INFO:  latexindent.pl version 3.24.5, 2025-03-13, a script to indent .tex files
       latexindent.pl lives here: /nix/store/2laj3mfxsjqlbz6h9zvgd3i310yg626g-latexindent-3.24.5-tex/scripts/latexindent/
       Fri Feb 27 09:49:33 2026
       Reading input from STDIN
INFO:  Processing switches:
       -m|--modifylinebreaks: modify line breaks
INFO:  Directory for backup files and log file indent.log:
       .
INFO:  Perl modules are being loaded from the following directories:
       /nix/store/0m9dv7ml6vddmxj79s98l102d03sf9f1-perl-5.42.0/lib/perl5/5.42.0/FindBin.pm
       /nix/store/9m0ld4f36cs7xdpginqjdrd91b4qryqa-perl-5.42.0-env/lib/perl5/site_perl/5.42.0/YAML/Tiny.pm
       /nix/store/0m9dv7ml6vddmxj79s98l102d03sf9f1-perl-5.42.0/lib/perl5/5.42.0/File/Copy.pm
       /nix/store/0m9dv7ml6vddmxj79s98l102d03sf9f1-perl-5.42.0/lib/perl5/5.42.0/File/Basename.pm
       /nix/store/0m9dv7ml6vddmxj79s98l102d03sf9f1-perl-5.42.0/lib/perl5/5.42.0/Getopt/Long.pm
       /nix/store/9m0ld4f36cs7xdpginqjdrd91b4qryqa-perl-5.42.0-env/lib/perl5/site_perl/5.42.0/File/HomeDir.pm
INFO:  LatexIndent perl modules are being loaded from, for example:
       /nix/store/2laj3mfxsjqlbz6h9zvgd3i310yg626g-latexindent-3.24.5-tex/scripts/latexindent/LatexIndent/Document.pm
INFO:  YAML settings read: defaultSettings.yaml
       Reading defaultSettings.yaml from /nix/store/2laj3mfxsjqlbz6h9zvgd3i310yg626g-latexindent-3.24.5-tex/scripts/latexindent/defaultSettings.yaml
INFO:  YAML reading settings
       The config file in "/home/jola/.indentconfig.yaml" will be read
       Reading path information from /home/jola/.indentconfig.yaml
       ---
       paths:
         - /home/jola/.latexindent.yaml

INFO:  -l switch used without filename, will search for the following files in turn:
       localSettings.yaml,latexindent.yaml,.localSettings.yaml,.latexindent.yaml
INFO:  YAML settings read: -l switch
       Multiple localSettings found, separated by commas:
       localSettings.yaml, latexindent.yaml, .localSettings.yaml, .latexindent.yaml
WARN:  yaml file not found: localSettings.yaml not found. Proceeding without it.
WARN:  yaml file not found: latexindent.yaml not found. Proceeding without it.
WARN:  yaml file not found: .localSettings.yaml not found. Proceeding without it.
WARN:  yaml file not found: .latexindent.yaml not found. Proceeding without it.
INFO:  YAML settings, reading from the following files:
       Reading USER settings from /home/jola/.latexindent.yaml
       ---
       defaultIndent: '  '
       modifyLineBreaks:
         condenseMultipleLineBreaksInto: '1'
         preserveBlankLines: '0'

INFO:  Phase 1: searching for objects
INFO:  Phase 2: finding surrounding indentation
INFO:  Phase 3: indenting objects
INFO:  Phase 4: final indentation check
INFO:  Output routine:
       Not outputting to file; see -w and -o switches for more options.
       --------------
INFO:  Please direct all communication/issues to:
        https://github.com/cmhughes/latexindent.pl
